<?xml version="1.0" encoding="UTF-8"?>
<testsuite xmlns:xsi="http://www.w3.org/2001/XMLSchema-instance" xsi:noNamespaceSchemaLocation="https://maven.apache.org/surefire/maven-surefire-plugin/xsd/surefire-test-report.xsd" name="com.github.exbotanical.resource.controllers.ResourceControllerTest" time="2.794" tests="5" errors="0" skipped="0" failures="1">
  <properties>
[...]
</properties>
  <testcase name="createResourceSuccess" classname="com.github.exbotanical.resource.controllers.ResourceControllerTest" time="0.253"/>
  <testcase name="createGetResourceByIdNotFound" classname="com.github.exbotanical.resource.controllers.ResourceControllerTest" time="0.01"/>
  <testcase name="createGetResourceById" classname="com.github.exbotanical.resource.controllers.ResourceControllerTest" time="0.006"/>
  <testcase name="createResourceInvalidInput" classname="com.github.exbotanical.resource.controllers.ResourceControllerTest" time="0.026"/>
  <testcase name="createDeleteResourceById" classname="com.github.exbotanical.resource.controllers.ResourceControllerTest" time="0.014">
    <failure message="No value at JSON path &quot;$.data&quot;" type="java.lang.AssertionError">java.lang.AssertionError: No value at JSON path "$.data"
	at com.github.exbotanical.resource.controllers.ResourceControllerTest.createDeleteResourceById(ResourceControllerTest.java:130)
Caused by: java.lang.IllegalArgumentException: json can not be null or empty
	at com.github.exbotanical.resource.controllers.ResourceControllerTest.createDeleteResourceById(ResourceControllerTest.java:130)
</failure>
    <system-out><![CDATA[org.springframework.mock.web.MockHttpSession@793d09e

MockHttpServletRequest:
      HTTP Method = DELETE
      Request URI = /resource/a66de382-a9df-4fab-9d34-616e01e3e054
       Parameters = {}
          Headers = []
             Body = null
    Session Attrs = {}

Handler:
             Type = com.github.exbotanical.resource.controllers.ResourceController
           Method = com.github.exbotanical.resource.controllers.ResourceController#deleteResourceById(String)

Async:
    Async started = false
     Async result = null

Resolved Exception:
             Type = null

ModelAndView:
        View name = null
             View = null
            Model = null

FlashMap:
       Attributes = null

MockHttpServletResponse:
           Status = 200
    Error message = null
          Headers = [Vary:"Origin", "Access-Control-Request-Method", "Access-Control-Request-Headers"]
     Content type = null
             Body = 
    Forwarded URL = null
   Redirected URL = null
          Cookies = []
]]></system-out>
  </testcase>
</testsuite>